0 info it worked if it ends with ok
1 verbose cli [ 'C:\\Program Files\\nodejs\\node.exe',
1 verbose cli   'C:\\Program Files\\nodejs\\node_modules\\npm\\bin\\npm-cli.js',
1 verbose cli   'run',
1 verbose cli   'webpack-node' ]
2 info using npm@3.8.3
3 info using node@v5.10.1
4 verbose run-script [ 'prewebpack-node', 'webpack-node', 'postwebpack-node' ]
5 info lifecycle demo@1.0.0~prewebpack-node: demo@1.0.0
6 silly lifecycle demo@1.0.0~prewebpack-node: no script for prewebpack-node, continuing
7 info lifecycle demo@1.0.0~webpack-node: demo@1.0.0
8 verbose lifecycle demo@1.0.0~webpack-node: unsafe-perm in lifecycle true
9 verbose lifecycle demo@1.0.0~webpack-node: PATH: C:\Users\COMP4\AppData\Roaming\nvm\v5.10.1\node_modules\npm\bin\node-gyp-bin;D:\wamp\www\other\imagemagick\demo\node_modules\.bin;C:\Program Files\nodejs;c:\program files\graphicsmagick-1.3.23-q16;C:\ProgramData\Oracle\Java\javapath;C:\Users\COMP4\AppData\Roaming\Composer\vendor\bin;D:\wamp\bin\php\php5.5.12;C:\ProgramData\ComposerSetup\bin;C:\Program Files\TortoiseSVN\bin;C:\Program Files\Java\jdk1.8.0_60\bin;C:\Windows\System32;D:\android-sdk-windows\platform-tools;C:\WINDOWS\system32;C:\WINDOWS;C:\WINDOWS\System32\Wbem;C:\WINDOWS\System32\WindowsPowerShell\v1.0\;C:\HashiCorp\Vagrant\bin;C:\Program Files\Git\cmd;C:\Program Files\TortoiseGit\bin;C:\Users\COMP4\AppData\Roaming\nvm;C:\Program Files\nodejs;C:\ffmpeg\bin;C:\Ruby22-x64\bin;D:\android-sdk-windows\platform-tools;D:\android-sdk-windows\tools;C:\Users\COMP4\AppData\Roaming\npm;C:\Users\COMP4\AppData\Local\atom\bin;C:\Users\COMP4\AppData\Roaming\nvm;C:\Program Files\nodejs;C:\ffmpeg\bin
10 verbose lifecycle demo@1.0.0~webpack-node: CWD: D:\wamp\www\other\imagemagick\demo
11 silly lifecycle demo@1.0.0~webpack-node: Args: [ '/d /s /c',
11 silly lifecycle   './node_modules/webpack/bin/webpack.js --config ./webpack.node.config.js --progress --watch' ]
12 silly lifecycle demo@1.0.0~webpack-node: Returned: code: 1  signal: null
13 info lifecycle demo@1.0.0~webpack-node: Failed to exec webpack-node script
14 verbose stack Error: demo@1.0.0 webpack-node: `./node_modules/webpack/bin/webpack.js --config ./webpack.node.config.js --progress --watch`
14 verbose stack Exit status 1
14 verbose stack     at EventEmitter.<anonymous> (C:\Users\COMP4\AppData\Roaming\nvm\v5.10.1\node_modules\npm\lib\utils\lifecycle.js:239:16)
14 verbose stack     at emitTwo (events.js:100:13)
14 verbose stack     at EventEmitter.emit (events.js:185:7)
14 verbose stack     at ChildProcess.<anonymous> (C:\Users\COMP4\AppData\Roaming\nvm\v5.10.1\node_modules\npm\lib\utils\spawn.js:24:14)
14 verbose stack     at emitTwo (events.js:100:13)
14 verbose stack     at ChildProcess.emit (events.js:185:7)
14 verbose stack     at maybeClose (internal/child_process.js:850:16)
14 verbose stack     at Process.ChildProcess._handle.onexit (internal/child_process.js:215:5)
15 verbose pkgid demo@1.0.0
16 verbose cwd D:\wamp\www\other\imagemagick\demo
17 error Windows_NT 10.0.10586
18 error argv "C:\\Program Files\\nodejs\\node.exe" "C:\\Program Files\\nodejs\\node_modules\\npm\\bin\\npm-cli.js" "run" "webpack-node"
19 error node v5.10.1
20 error npm  v3.8.3
21 error code ELIFECYCLE
22 error demo@1.0.0 webpack-node: `./node_modules/webpack/bin/webpack.js --config ./webpack.node.config.js --progress --watch`
22 error Exit status 1
23 error Failed at the demo@1.0.0 webpack-node script './node_modules/webpack/bin/webpack.js --config ./webpack.node.config.js --progress --watch'.
23 error Make sure you have the latest version of node.js and npm installed.
23 error If you do, this is most likely a problem with the demo package,
23 error not with npm itself.
23 error Tell the author that this fails on your system:
23 error     ./node_modules/webpack/bin/webpack.js --config ./webpack.node.config.js --progress --watch
23 error You can get information on how to open an issue for this project with:
23 error     npm bugs demo
23 error Or if that isn't available, you can get their info via:
23 error     npm owner ls demo
23 error There is likely additional logging output above.
24 verbose exit [ 1, true ]
